-------------------------------------------------------------------------------
Test set: cm.edu.banking.service.TransactionServiceTest$DepotTests
-------------------------------------------------------------------------------
Tests run: 4, Failures: 0, Errors: 3, Skipped: 0, Time elapsed: 0.125 s <<< FAILURE! -- in cm.edu.banking.service.TransactionServiceTest$DepotTests
cm.edu.banking.service.TransactionServiceTest$DepotTests.depot_soldeAgentInsuffisant_throwsBankingException -- Time elapsed: 0.046 s <<< ERROR!
org.mockito.exceptions.misusing.UnnecessaryStubbingException: 

Unnecessary stubbings detected.
Clean & maintainable test code requires zero unnecessary code.
Following stubbings are unnecessary (click to navigate to relevant line of code):
  1. -> at cm.edu.banking.service.TransactionServiceTest$DepotTests.setupMocks(TransactionServiceTest.java:250)
  2. -> at cm.edu.banking.service.TransactionServiceTest$DepotTests.setupMocks(TransactionServiceTest.java:251)
  3. -> at cm.edu.banking.service.TransactionServiceTest$DepotTests.setupMocks(TransactionServiceTest.java:253)
Please remove unnecessary stubbings or use 'lenient' strictness. More info: javadoc for UnnecessaryStubbingException class.
	at org.mockito.junit.jupiter.MockitoExtension.afterEach(MockitoExtension.java:192)
	at java.base/java.util.ArrayList.forEach(ArrayList.java:1596)
	at java.base/java.util.ArrayList.forEach(ArrayList.java:1596)
	at java.base/java.util.ArrayList.forEach(ArrayList.java:1596)

cm.edu.banking.service.TransactionServiceTest$DepotTests.depot_banqueAgentSuspendue_throwsBankingException -- Time elapsed: 0.013 s <<< ERROR!
org.mockito.exceptions.misusing.UnnecessaryStubbingException: 

Unnecessary stubbings detected.
Clean & maintainable test code requires zero unnecessary code.
Following stubbings are unnecessary (click to navigate to relevant line of code):
  1. -> at cm.edu.banking.service.TransactionServiceTest$DepotTests.setupMocks(TransactionServiceTest.java:248)
  2. -> at cm.edu.banking.service.TransactionServiceTest$DepotTests.setupMocks(TransactionServiceTest.java:250)
  3. -> at cm.edu.banking.service.TransactionServiceTest$DepotTests.setupMocks(TransactionServiceTest.java:251)
  4. -> at cm.edu.banking.service.TransactionServiceTest$DepotTests.setupMocks(TransactionServiceTest.java:253)
Please remove unnecessary stubbings or use 'lenient' strictness. More info: javadoc for UnnecessaryStubbingException class.
	at org.mockito.junit.jupiter.MockitoExtension.afterEach(MockitoExtension.java:192)
	at java.base/java.util.ArrayList.forEach(ArrayList.java:1596)
	at java.base/java.util.ArrayList.forEach(ArrayList.java:1596)
	at java.base/java.util.ArrayList.forEach(ArrayList.java:1596)

cm.edu.banking.service.TransactionServiceTest$DepotTests.depot_compteClientSuspendu_throwsBankingException -- Time elapsed: 0.010 s <<< ERROR!
org.mockito.exceptions.misusing.UnnecessaryStubbingException: 

Unnecessary stubbings detected.
Clean & maintainable test code requires zero unnecessary code.
Following stubbings are unnecessary (click to navigate to relevant line of code):
  1. -> at cm.edu.banking.service.TransactionServiceTest$DepotTests.setupMocks(TransactionServiceTest.java:250)
  2. -> at cm.edu.banking.service.TransactionServiceTest$DepotTests.setupMocks(TransactionServiceTest.java:251)
  3. -> at cm.edu.banking.service.TransactionServiceTest$DepotTests.setupMocks(TransactionServiceTest.java:253)
Please remove unnecessary stubbings or use 'lenient' strictness. More info: javadoc for UnnecessaryStubbingException class.
	at org.mockito.junit.jupiter.MockitoExtension.afterEach(MockitoExtension.java:192)
	at java.base/java.util.ArrayList.forEach(ArrayList.java:1596)
	at java.base/java.util.ArrayList.forEach(ArrayList.java:1596)
	at java.base/java.util.ArrayList.forEach(ArrayList.java:1596)

