-------------------------------------------------------------------------------
Test set: cm.edu.banking.service.TransactionServiceTest$TransfertInterneTests
-------------------------------------------------------------------------------
Tests run: 4, Failures: 0, Errors: 3, Skipped: 0, Time elapsed: 0.130 s <<< FAILURE! -- in cm.edu.banking.service.TransactionServiceTest$TransfertInterneTests
cm.edu.banking.service.TransactionServiceTest$TransfertInterneTests.transfertInterne_compteDestinatairesSuspendu -- Time elapsed: 0.020 s <<< ERROR!
org.mockito.exceptions.misusing.UnnecessaryStubbingException: 

Unnecessary stubbings detected.
Clean & maintainable test code requires zero unnecessary code.
Following stubbings are unnecessary (click to navigate to relevant line of code):
  1. -> at cm.edu.banking.service.TransactionServiceTest$TransfertInterneTests.setupTransfertInterne(TransactionServiceTest.java:489)
  2. -> at cm.edu.banking.service.TransactionServiceTest$TransfertInterneTests.setupTransfertInterne(TransactionServiceTest.java:490)
  3. -> at cm.edu.banking.service.TransactionServiceTest$TransfertInterneTests.setupTransfertInterne(TransactionServiceTest.java:491)
Please remove unnecessary stubbings or use 'lenient' strictness. More info: javadoc for UnnecessaryStubbingException class.
	at org.mockito.junit.jupiter.MockitoExtension.afterEach(MockitoExtension.java:192)
	at java.base/java.util.ArrayList.forEach(ArrayList.java:1596)
	at java.base/java.util.ArrayList.forEach(ArrayList.java:1596)
	at java.base/java.util.ArrayList.forEach(ArrayList.java:1596)

cm.edu.banking.service.TransactionServiceTest$TransfertInterneTests.transfertInterne_autoTransfert_throwsBankingException -- Time elapsed: 0.038 s <<< ERROR!
org.mockito.exceptions.misusing.UnnecessaryStubbingException: 

Unnecessary stubbings detected.
Clean & maintainable test code requires zero unnecessary code.
Following stubbings are unnecessary (click to navigate to relevant line of code):
  1. -> at cm.edu.banking.service.TransactionServiceTest$TransfertInterneTests.setupTransfertInterne(TransactionServiceTest.java:486)
  2. -> at cm.edu.banking.service.TransactionServiceTest$TransfertInterneTests.setupTransfertInterne(TransactionServiceTest.java:489)
  3. -> at cm.edu.banking.service.TransactionServiceTest$TransfertInterneTests.setupTransfertInterne(TransactionServiceTest.java:490)
  4. -> at cm.edu.banking.service.TransactionServiceTest$TransfertInterneTests.setupTransfertInterne(TransactionServiceTest.java:491)
Please remove unnecessary stubbings or use 'lenient' strictness. More info: javadoc for UnnecessaryStubbingException class.
	at org.mockito.junit.jupiter.MockitoExtension.afterEach(MockitoExtension.java:192)
	at java.base/java.util.ArrayList.forEach(ArrayList.java:1596)
	at java.base/java.util.ArrayList.forEach(ArrayList.java:1596)
	at java.base/java.util.ArrayList.forEach(ArrayList.java:1596)

cm.edu.banking.service.TransactionServiceTest$TransfertInterneTests.transfertInterne_soldeInsuffisant -- Time elapsed: 0.037 s <<< ERROR!
org.mockito.exceptions.misusing.UnnecessaryStubbingException: 

Unnecessary stubbings detected.
Clean & maintainable test code requires zero unnecessary code.
Following stubbings are unnecessary (click to navigate to relevant line of code):
  1. -> at cm.edu.banking.service.TransactionServiceTest$TransfertInterneTests.setupTransfertInterne(TransactionServiceTest.java:489)
  2. -> at cm.edu.banking.service.TransactionServiceTest$TransfertInterneTests.setupTransfertInterne(TransactionServiceTest.java:490)
  3. -> at cm.edu.banking.service.TransactionServiceTest$TransfertInterneTests.setupTransfertInterne(TransactionServiceTest.java:491)
Please remove unnecessary stubbings or use 'lenient' strictness. More info: javadoc for UnnecessaryStubbingException class.
	at org.mockito.junit.jupiter.MockitoExtension.afterEach(MockitoExtension.java:192)
	at java.base/java.util.ArrayList.forEach(ArrayList.java:1596)
	at java.base/java.util.ArrayList.forEach(ArrayList.java:1596)
	at java.base/java.util.ArrayList.forEach(ArrayList.java:1596)

