-------------------------------------------------------------------------------
Test set: cm.edu.banking.service.TransactionServiceTest$TransfertInterbancaireTests
-------------------------------------------------------------------------------
Tests run: 4, Failures: 0, Errors: 2, Skipped: 0, Time elapsed: 0.145 s <<< FAILURE! -- in cm.edu.banking.service.TransactionServiceTest$TransfertInterbancaireTests
cm.edu.banking.service.TransactionServiceTest$TransfertInterbancaireTests.transfertInterbancaire_compteDestIntrouvable -- Time elapsed: 0.034 s <<< ERROR!
org.mockito.exceptions.misusing.UnnecessaryStubbingException: 

Unnecessary stubbings detected.
Clean & maintainable test code requires zero unnecessary code.
Following stubbings are unnecessary (click to navigate to relevant line of code):
  1. -> at cm.edu.banking.service.TransactionServiceTest$TransfertInterbancaireTests.setupMocks(TransactionServiceTest.java:597)
  2. -> at cm.edu.banking.service.TransactionServiceTest$TransfertInterbancaireTests.setupMocks(TransactionServiceTest.java:600)
  3. -> at cm.edu.banking.service.TransactionServiceTest$TransfertInterbancaireTests.setupMocks(TransactionServiceTest.java:601)
  4. -> at cm.edu.banking.service.TransactionServiceTest$TransfertInterbancaireTests.setupMocks(TransactionServiceTest.java:602)
Please remove unnecessary stubbings or use 'lenient' strictness. More info: javadoc for UnnecessaryStubbingException class.
	at org.mockito.junit.jupiter.MockitoExtension.afterEach(MockitoExtension.java:192)
	at java.base/java.util.ArrayList.forEach(ArrayList.java:1596)
	at java.base/java.util.ArrayList.forEach(ArrayList.java:1596)
	at java.base/java.util.ArrayList.forEach(ArrayList.java:1596)

cm.edu.banking.service.TransactionServiceTest$TransfertInterbancaireTests.transfertInterbancaire_banqueDestinatairesSuspendue -- Time elapsed: 0.038 s <<< ERROR!
org.mockito.exceptions.misusing.UnnecessaryStubbingException: 

Unnecessary stubbings detected.
Clean & maintainable test code requires zero unnecessary code.
Following stubbings are unnecessary (click to navigate to relevant line of code):
  1. -> at cm.edu.banking.service.TransactionServiceTest$TransfertInterbancaireTests.setupMocks(TransactionServiceTest.java:600)
  2. -> at cm.edu.banking.service.TransactionServiceTest$TransfertInterbancaireTests.setupMocks(TransactionServiceTest.java:601)
  3. -> at cm.edu.banking.service.TransactionServiceTest$TransfertInterbancaireTests.setupMocks(TransactionServiceTest.java:602)
Please remove unnecessary stubbings or use 'lenient' strictness. More info: javadoc for UnnecessaryStubbingException class.
	at org.mockito.junit.jupiter.MockitoExtension.afterEach(MockitoExtension.java:192)
	at java.base/java.util.ArrayList.forEach(ArrayList.java:1596)
	at java.base/java.util.ArrayList.forEach(ArrayList.java:1596)
	at java.base/java.util.ArrayList.forEach(ArrayList.java:1596)

