-------------------------------------------------------------------------------
Test set: cm.edu.banking.security.JwtTokenProviderTest$ValidationTests
-------------------------------------------------------------------------------
Tests run: 6, Failures: 0, Errors: 5, Skipped: 0, Time elapsed: 1.960 s <<< FAILURE! -- in cm.edu.banking.security.JwtTokenProviderTest$ValidationTests
cm.edu.banking.security.JwtTokenProviderTest$ValidationTests.validateToken_tokenVide_retourneFalse -- Time elapsed: 1.257 s <<< ERROR!
org.mockito.exceptions.misusing.UnnecessaryStubbingException: 

Unnecessary stubbings detected.
Clean & maintainable test code requires zero unnecessary code.
Following stubbings are unnecessary (click to navigate to relevant line of code):
  1. -> at cm.edu.banking.security.JwtTokenProviderTest.setupProperties(JwtTokenProviderTest.java:47)
Please remove unnecessary stubbings or use 'lenient' strictness. More info: javadoc for UnnecessaryStubbingException class.
	at org.mockito.junit.jupiter.MockitoExtension.afterEach(MockitoExtension.java:192)
	at java.base/java.util.ArrayList.forEach(ArrayList.java:1596)
	at java.base/java.util.ArrayList.forEach(ArrayList.java:1596)
	at java.base/java.util.ArrayList.forEach(ArrayList.java:1596)

cm.edu.banking.security.JwtTokenProviderTest$ValidationTests.validateToken_tokenNul_retourneFalse -- Time elapsed: 0.011 s <<< ERROR!
org.mockito.exceptions.misusing.UnnecessaryStubbingException: 

Unnecessary stubbings detected.
Clean & maintainable test code requires zero unnecessary code.
Following stubbings are unnecessary (click to navigate to relevant line of code):
  1. -> at cm.edu.banking.security.JwtTokenProviderTest.setupProperties(JwtTokenProviderTest.java:47)
Please remove unnecessary stubbings or use 'lenient' strictness. More info: javadoc for UnnecessaryStubbingException class.
	at org.mockito.junit.jupiter.MockitoExtension.afterEach(MockitoExtension.java:192)
	at java.base/java.util.ArrayList.forEach(ArrayList.java:1596)
	at java.base/java.util.ArrayList.forEach(ArrayList.java:1596)
	at java.base/java.util.ArrayList.forEach(ArrayList.java:1596)

cm.edu.banking.security.JwtTokenProviderTest$ValidationTests.validateToken_tokenExpire_retourneFalse -- Time elapsed: 0.564 s <<< ERROR!
org.mockito.exceptions.misusing.UnnecessaryStubbingException: 

Unnecessary stubbings detected.
Clean & maintainable test code requires zero unnecessary code.
Following stubbings are unnecessary (click to navigate to relevant line of code):
  1. -> at cm.edu.banking.security.JwtTokenProviderTest$ValidationTests.validateToken_tokenExpire_retourneFalse(JwtTokenProviderTest.java:175)
Please remove unnecessary stubbings or use 'lenient' strictness. More info: javadoc for UnnecessaryStubbingException class.
	at org.mockito.junit.jupiter.MockitoExtension.afterEach(MockitoExtension.java:192)
	at java.base/java.util.ArrayList.forEach(ArrayList.java:1596)
	at java.base/java.util.ArrayList.forEach(ArrayList.java:1596)
	at java.base/java.util.ArrayList.forEach(ArrayList.java:1596)

cm.edu.banking.security.JwtTokenProviderTest$ValidationTests.validateToken_tokenMalforme_retourneFalse -- Time elapsed: 0.027 s <<< ERROR!
org.mockito.exceptions.misusing.UnnecessaryStubbingException: 

Unnecessary stubbings detected.
Clean & maintainable test code requires zero unnecessary code.
Following stubbings are unnecessary (click to navigate to relevant line of code):
  1. -> at cm.edu.banking.security.JwtTokenProviderTest.setupProperties(JwtTokenProviderTest.java:47)
Please remove unnecessary stubbings or use 'lenient' strictness. More info: javadoc for UnnecessaryStubbingException class.
	at org.mockito.junit.jupiter.MockitoExtension.afterEach(MockitoExtension.java:192)
	at java.base/java.util.ArrayList.forEach(ArrayList.java:1596)
	at java.base/java.util.ArrayList.forEach(ArrayList.java:1596)
	at java.base/java.util.ArrayList.forEach(ArrayList.java:1596)

cm.edu.banking.security.JwtTokenProviderTest$ValidationTests.validateToken_mauvaiseCle_retourneFalse -- Time elapsed: 0.035 s <<< ERROR!
io.jsonwebtoken.security.SignatureException: JWT signature does not match locally computed signature. JWT validity cannot be asserted and should not be trusted.
	at io.jsonwebtoken.impl.DefaultJwtParser.verifySignature(DefaultJwtParser.java:340)
	at io.jsonwebtoken.impl.DefaultJwtParser.parse(DefaultJwtParser.java:577)
	at io.jsonwebtoken.impl.DefaultJwtParser.parse(DefaultJwtParser.java:362)
	at io.jsonwebtoken.impl.DefaultJwtParser.parse(DefaultJwtParser.java:94)
	at io.jsonwebtoken.impl.io.AbstractParser.parse(AbstractParser.java:36)
	at io.jsonwebtoken.impl.io.AbstractParser.parse(AbstractParser.java:29)
	at io.jsonwebtoken.impl.DefaultJwtParser.parseSignedClaims(DefaultJwtParser.java:821)
	at cm.edu.banking.security.jwt.JwtTokenProvider.validateToken(JwtTokenProvider.java:146)
	at cm.edu.banking.security.JwtTokenProviderTest$ValidationTests.validateToken_mauvaiseCle_retourneFalse(JwtTokenProviderTest.java:195)
	at java.base/java.lang.reflect.Method.invoke(Method.java:580)
	at java.base/java.util.ArrayList.forEach(ArrayList.java:1596)
	at java.base/java.util.ArrayList.forEach(ArrayList.java:1596)
	at java.base/java.util.ArrayList.forEach(ArrayList.java:1596)

