<?xml version="1.0" encoding="UTF-8"?>
<testsuite xmlns:xsi="http://www.w3.org/2001/XMLSchema-instance" xsi:noNamespaceSchemaLocation="https://maven.apache.org/surefire/maven-surefire-plugin/xsd/surefire-test-report-3.0.xsd" version="3.0" name="cm.edu.banking.controller.AuthControllerTest$LoginEndpointTests" time="10.597" tests="3" errors="0" skipped="0" failures="0">
  <properties>
[...]
</properties>
  <testcase name="login_success_returns200" classname="cm.edu.banking.controller.AuthControllerTest$LoginEndpointTests" time="1.326">
    <system-out><![CDATA[04:11:25.868 [main] INFO org.springframework.test.context.support.AnnotationConfigContextLoaderUtils -- Could not detect default configuration classes for test class [cm.edu.banking.controller.AuthControllerTest]: AuthControllerTest does not declare any static, non-private, non-final, nested classes annotated with @Configuration.
04:11:26.601 [main] INFO org.springframework.boot.test.context.SpringBootTestContextBootstrapper -- Found @SpringBootConfiguration cm.edu.banking.BankingApplication for test class cm.edu.banking.controller.AuthControllerTest
04:11:26.783 [main] INFO org.springframework.test.context.support.AnnotationConfigContextLoaderUtils -- Could not detect default configuration classes for test class [cm.edu.banking.controller.AuthControllerTest$LoginEndpointTests]: LoginEndpointTests does not declare any static, non-private, non-final, nested classes annotated with @Configuration.
04:11:26.826 [main] INFO org.springframework.boot.test.context.SpringBootTestContextBootstrapper -- Found @SpringBootConfiguration cm.edu.banking.BankingApplication for test class cm.edu.banking.controller.AuthControllerTest$LoginEndpointTests

  .   ____          _            __ _ _
 /\\ / ___'_ __ _ _(_)_ __  __ _ \ \ \ \
( ( )\___ | '_ | '_| | '_ \/ _` | \ \ \ \
 \\/  ___)| |_)| | | | | || (_| |  ) ) ) )
  '  |____| .__|_| |_|_| |_\__, | / / / /
 =========|_|==============|___/=/_/_/_/
 :: Spring Boot ::                (v3.2.4)

2026-06-20T04:11:28.459+02:00  INFO 26773 --- [banking-api] [           main] c.e.b.controller.AuthControllerTest      : Starting AuthControllerTest using Java 21.0.2 with PID 26773 (started by meza in /home/meza/Bureau/geril/mes projets/banking-api-v3)
2026-06-20T04:11:28.464+02:00  INFO 26773 --- [banking-api] [           main] c.e.b.controller.AuthControllerTest      : No active profile set, falling back to 1 default profile: "default"
2026-06-20T04:11:32.899+02:00  INFO 26773 --- [banking-api] [           main] o.s.b.a.w.s.WelcomePageHandlerMapping    : Adding welcome page: class path resource [static/index.html]
2026-06-20T04:11:35.077+02:00  INFO 26773 --- [banking-api] [           main] o.s.s.web.DefaultSecurityFilterChain     : Will secure any request with [org.springframework.security.web.session.DisableEncodeUrlFilter@201b52f7, org.springframework.security.web.context.request.async.WebAsyncManagerIntegrationFilter@435a2c7d, org.springframework.security.web.context.SecurityContextHolderFilter@23b087c3, org.springframework.security.web.header.HeaderWriterFilter@7fcfe065, org.springframework.web.filter.CorsFilter@57806346, org.springframework.security.web.csrf.CsrfFilter@5693d1d2, org.springframework.security.web.authentication.logout.LogoutFilter@4bcf08ae, org.springframework.security.web.authentication.UsernamePasswordAuthenticationFilter@71891d6b, org.springframework.security.web.authentication.ui.DefaultLoginPageGeneratingFilter@1ac68548, org.springframework.security.web.authentication.ui.DefaultLogoutPageGeneratingFilter@40416321, org.springframework.security.web.authentication.www.BasicAuthenticationFilter@412440c1, org.springframework.security.web.savedrequest.RequestCacheAwareFilter@325e03b, org.springframework.security.web.servletapi.SecurityContextHolderAwareRequestFilter@3911fec8, org.springframework.security.web.authentication.AnonymousAuthenticationFilter@3ab70d34, org.springframework.security.web.access.ExceptionTranslationFilter@a238a8e, org.springframework.security.web.access.intercept.AuthorizationFilter@44e0c3d]
2026-06-20T04:11:35.207+02:00  WARN 26773 --- [banking-api] [           main] .s.s.UserDetailsServiceAutoConfiguration : 

Using generated security password: bc91b404-d472-4c94-8b37-75c907744346

This generated password is for development use only. Your security configuration must be updated before running your application in production.

2026-06-20T04:11:35.438+02:00  INFO 26773 --- [banking-api] [           main] o.s.b.t.m.w.SpringBootMockServletContext : Initializing Spring TestDispatcherServlet ''
2026-06-20T04:11:35.448+02:00  INFO 26773 --- [banking-api] [           main] o.s.t.web.servlet.TestDispatcherServlet  : Initializing Servlet ''
2026-06-20T04:11:35.454+02:00  INFO 26773 --- [banking-api] [           main] o.s.t.web.servlet.TestDispatcherServlet  : Completed initialization in 5 ms
2026-06-20T04:11:35.608+02:00  INFO 26773 --- [banking-api] [           main] c.e.b.controller.AuthControllerTest      : Started AuthControllerTest in 8.628 seconds (process running for 47.34)
]]></system-out>
  </testcase>
  <testcase name="login_emailManquant_returns400" classname="cm.edu.banking.controller.AuthControllerTest$LoginEndpointTests" time="0.129">
    <system-out><![CDATA[2026-06-20T04:11:37.191+02:00  WARN 26773 --- [banking-api] [           main] c.e.b.exception.GlobalExceptionHandler   : Erreurs de validation : {email=L'email est obligatoire}
]]></system-out>
  </testcase>
  <testcase name="login_identifiantsIncorrects_returns401" classname="cm.edu.banking.controller.AuthControllerTest$LoginEndpointTests" time="0.083">
    <system-out><![CDATA[2026-06-20T04:11:37.319+02:00  WARN 26773 --- [banking-api] [           main] c.e.b.exception.GlobalExceptionHandler   : Tentative de connexion avec des identifiants incorrects
]]></system-out>
  </testcase>
</testsuite>